<?xml version="1.0" encoding="UTF-8"?>
<!-- Generated by org.testng.reporters.JUnitReportReporter -->
<testsuite hostname="NURPAVEL" failures="0" tests="2" name="restAssuredDemo.demoRestAssuredTest.demoTestRestAssuredTesting" time="13.715" errors="0" timestamp="2025-01-18T18:53:49 IST" skipped="0">
  <testcase classname="restAssuredDemo.demoRestAssuredTest.demoTestRestAssuredTesting" name="test2" time="0.639"/>
  <testcase classname="restAssuredDemo.demoRestAssuredTest.demoTestRestAssuredTesting" name="test1" time="13.076"/>
</testsuite> <!-- restAssuredDemo.demoRestAssuredTest.demoTestRestAssuredTesting -->
