<?xml version="1.0" encoding="UTF-8"?>
<!-- Generated by org.testng.reporters.JUnitReportReporter -->
<testsuite hostname="NURPAVEL" failures="0" tests="4" name="restAssuredDemo.demoRestAssuredTest.demoTestRestAssuredTesting" time="10.820" errors="0" timestamp="2025-01-18T19:42:51 IST" skipped="0">
  <testcase classname="restAssuredDemo.demoRestAssuredTest.demoTestRestAssuredTesting" name="test4" time="0.255"/>
  <testcase classname="restAssuredDemo.demoRestAssuredTest.demoTestRestAssuredTesting" name="test1" time="9.873"/>
  <testcase classname="restAssuredDemo.demoRestAssuredTest.demoTestRestAssuredTesting" name="test3" time="0.292"/>
  <testcase classname="restAssuredDemo.demoRestAssuredTest.demoTestRestAssuredTesting" name="test2" time="0.400"/>
</testsuite> <!-- restAssuredDemo.demoRestAssuredTest.demoTestRestAssuredTesting -->
