<?xml version="1.0" encoding="UTF-8"?>
<!-- Generated by org.testng.reporters.JUnitReportReporter -->
<testsuite hostname="NURPAVEL" failures="0" tests="3" name="restAssuredDemo.demoRestAssuredTest.demoTestRestAssuredTesting" time="9.271" errors="0" timestamp="2025-01-18T19:05:43 IST" skipped="0">
  <testcase classname="restAssuredDemo.demoRestAssuredTest.demoTestRestAssuredTesting" name="test2" time="0.358"/>
  <testcase classname="restAssuredDemo.demoRestAssuredTest.demoTestRestAssuredTesting" name="test3" time="0.284"/>
  <testcase classname="restAssuredDemo.demoRestAssuredTest.demoTestRestAssuredTesting" name="test1" time="8.629"/>
</testsuite> <!-- restAssuredDemo.demoRestAssuredTest.demoTestRestAssuredTesting -->
