<?xml version="1.0" encoding="UTF-8"?>
<!-- Generated by org.testng.reporters.JUnitReportReporter -->
<testsuite hostname="NURPAVEL" failures="0" tests="5" name="restAssuredDemo.demoRestAssuredTest.demoTestRestAssuredTesting" time="13.136" errors="0" timestamp="2025-01-18T20:37:05 IST" skipped="0">
  <testcase classname="restAssuredDemo.demoRestAssuredTest.demoTestRestAssuredTesting" name="test4" time="1.107"/>
  <testcase classname="restAssuredDemo.demoRestAssuredTest.demoTestRestAssuredTesting" name="test5" time="0.791"/>
  <testcase classname="restAssuredDemo.demoRestAssuredTest.demoTestRestAssuredTesting" name="test1" time="10.137"/>
  <testcase classname="restAssuredDemo.demoRestAssuredTest.demoTestRestAssuredTesting" name="test3" time="0.601"/>
  <testcase classname="restAssuredDemo.demoRestAssuredTest.demoTestRestAssuredTesting" name="test2" time="0.500"/>
</testsuite> <!-- restAssuredDemo.demoRestAssuredTest.demoTestRestAssuredTesting -->
