<?xml version="1.0" encoding="UTF-8"?>
<!-- Generated by org.testng.reporters.JUnitReportReporter -->
<testsuite hostname="NURPAVEL" failures="0" tests="6" name="restAssuredDemo.demoRestAssuredTest.demoTestRestAssuredTesting" time="14.917" errors="0" timestamp="2025-01-18T20:44:26 IST" skipped="0">
  <testcase classname="restAssuredDemo.demoRestAssuredTest.demoTestRestAssuredTesting" name="test5" time="0.519"/>
  <testcase classname="restAssuredDemo.demoRestAssuredTest.demoTestRestAssuredTesting" name="test6" time="0.906"/>
  <testcase classname="restAssuredDemo.demoRestAssuredTest.demoTestRestAssuredTesting" name="test4" time="0.580"/>
  <testcase classname="restAssuredDemo.demoRestAssuredTest.demoTestRestAssuredTesting" name="test3" time="0.391"/>
  <testcase classname="restAssuredDemo.demoRestAssuredTest.demoTestRestAssuredTesting" name="test2" time="3.559"/>
  <testcase classname="restAssuredDemo.demoRestAssuredTest.demoTestRestAssuredTesting" name="test1" time="8.962"/>
</testsuite> <!-- restAssuredDemo.demoRestAssuredTest.demoTestRestAssuredTesting -->
